
--------------------------------------------------
TXLib соболезнует...

Программа: D:\Andrei\Multfilm-main\Multfilm-main\Multfilm\Multfilm\main.exe, файл: c:\codeblocks\codeblocks\mingw\include\txlib.h, строка: 13128, функция: HPEN__* {anonymous}::TX::txSetColor(COLORREF, double, HDC),

Сообщение: Окно рисования не создано или не в порядке.
Если вы указали параметр "dc", то он неверен.

#1: TXLib [Ver: 00173a, Rev: 171, Date: 2022-07-23 02:08:28 +0400], Instance: 0x004F52FC (32-bit), Flags: CMdrE0, Thread: 0x243C (Main). 

--------------------------------------------------
Стек вызовов:

# 0 0x00411E87 in D:\Andrei\Multfilm-main\Multfilm-main\Multfilm\Multfilm\main.exe: (anonymous namespace)::TX::txSetColor()
# 1 0x0041DCB6 in D:\Andrei\Multfilm-main\Multfilm-main\Multfilm\Multfilm\main.exe: drawLocation3()
# 2 0x0041E780 in D:\Andrei\Multfilm-main\Multfilm-main\Multfilm\Multfilm\main.exe: main()

--------------------------------------------------
Developed with:

The Dumb Artist Library (TX Library)
TXLib [Ver: 00173a, Rev: 171, Date: 2022-07-23 02:08:28 +0400]
Copyright (C) Ded (Ilya Dedinsky, http://txlib.ru) <mail@txlib.ru>
See license on: http://txlib.ru

TXLib file:	c:\codeblocks\codeblocks\mingw\include\txlib.h
Compiled:	Dec 23 2022 16:44:14, GNU g++ 4.8.1, std=201103L, MinGW Runtime 3.20, 32-bit, Debug
Started:	Dec 23 2022 16:44:31

Run file:	D:\Andrei\Multfilm-main\Multfilm-main\Multfilm\Multfilm\main.exe
Directory:	D:\Andrei\Multfilm-main\Multfilm-main\Multfilm\Multfilm

--------------------------------------------------

--------------------------------------------------
TXLib соболезнует...

Программа: D:\Andrei\Multfilm-main\Multfilm-main\Multfilm\Multfilm\main.exe, файл: c:\codeblocks\codeblocks\mingw\include\txlib.h, строка: 13128, функция: HPEN__* {anonymous}::TX::txSetColor(COLORREF, double, HDC),

Сообщение: Окно рисования не создано или не в порядке.
Если вы указали параметр "dc", то он неверен.

#1: TXLib [Ver: 00173a, Rev: 171, Date: 2022-07-23 02:08:28 +0400], Instance: 0x004F52FC (32-bit), Flags: CMdrE0, Thread: 0x12DC (Main). 

--------------------------------------------------
Стек вызовов:

# 0 0x00411E87 in D:\Andrei\Multfilm-main\Multfilm-main\Multfilm\Multfilm\main.exe: (anonymous namespace)::TX::txSetColor()
# 1 0x0041DCB6 in D:\Andrei\Multfilm-main\Multfilm-main\Multfilm\Multfilm\main.exe: drawLocation3()
# 2 0x0041E780 in D:\Andrei\Multfilm-main\Multfilm-main\Multfilm\Multfilm\main.exe: main()

--------------------------------------------------
Developed with:

The Dumb Artist Library (TX Library)
TXLib [Ver: 00173a, Rev: 171, Date: 2022-07-23 02:08:28 +0400]
Copyright (C) Ded (Ilya Dedinsky, http://txlib.ru) <mail@txlib.ru>
See license on: http://txlib.ru

TXLib file:	c:\codeblocks\codeblocks\mingw\include\txlib.h
Compiled:	Dec 23 2022 16:52:28, GNU g++ 4.8.1, std=201103L, MinGW Runtime 3.20, 32-bit, Debug
Started:	Dec 23 2022 16:52:45

Run file:	D:\Andrei\Multfilm-main\Multfilm-main\Multfilm\Multfilm\main.exe
Directory:	D:\Andrei\Multfilm-main\Multfilm-main\Multfilm\Multfilm

--------------------------------------------------
